#
# A fatal error has been detected by the Java Runtime Environment:
#
#  EXCEPTION_ACCESS_VIOLATION (0xc0000005) at pc=0x00000000652d9575, pid=86844, tid=0x00000000000148e0
#
# JRE version: Java(TM) SE Runtime Environment (8.0_92-b14) (build 1.8.0_92-b14)
# Java VM: Java HotSpot(TM) 64-Bit Server VM (25.92-b14 mixed mode windows-amd64 compressed oops)
# Problematic frame:
# V  [jvm.dll+0x129575]
#
# Failed to write core dump. Minidumps are not enabled by default on client versions of Windows
#
# If you would like to submit a bug report, please visit:
#   http://bugreport.java.com/bugreport/crash.jsp
#

---------------  T H R E A D  ---------------

Current thread (0x00000000166f1800):  JavaThread "JDWP Transport Listener: dt_socket" daemon [_thread_in_vm, id=84192, stack(0x0000000017090000,0x0000000017190000)]

siginfo: ExceptionCode=0xc0000005, reading address 0x00003b35355f656d

Registers:
RAX=0x000000001718f601, RBX=0x00000000166f1800, RCX=0x00003b35355f656d, RDX=0x0000000000000000
RSP=0x000000001718f680, RBP=0x00003b35355f656d, RSI=0x000000001718f798, RDI=0x0000000002638a40
R8 =0x00000000166f1800, R9 =0x0000013b00390001, R10=0x0000000000000000, R11=0x000000001718f950
R12=0x0000000000000000, R13=0x00000000166f7d68, R14=0x0000000000000000, R15=0x0000000000000000
RIP=0x00000000652d9575, EFLAGS=0x0000000000010202

Top of Stack: (sp=0x000000001718f680)
0x000000001718f680:   00000000166f1800 00000000166f1800
0x000000001718f690:   000000001718f748 00000000654dfbab
0x000000001718f6a0:   00000000166f1800 00000000654fc40d
0x000000001718f6b0:   0000000000000000 00000000723e9155
0x000000001718f6c0:   000000001680ea30 00000000723f291e
0x000000001718f6d0:   00000000166f1800 0000000000000000
0x000000001718f6e0:   0000000000000000 0000000000000000
0x000000001718f6f0:   00003b35355f656d 00000000723f1a15
0x000000001718f700:   000000001718f798 000000001718f770
0x000000001718f710:   0000000000000001 000000001680ea30
0x000000001718f720:   00003b35355f656d 00000000723d53b3
0x000000001718f730:   000000001718f860 0000000000000001
0x000000001718f740:   0000000000000001 000000001680ea30
0x000000001718f750:   000000000000000a 0000000000000000
0x000000001718f760:   0000000000000000 0000000000000000
0x000000001718f770:   0000000000000001 00000000723d5571 

Instructions: (pc=0x00000000652d9575)
0x00000000652d9555:   cc cc cc cc cc cc cc cc cc cc cc 48 83 ec 28 48
0x00000000652d9565:   85 c9 75 07 33 c0 48 83 c4 28 c3 48 89 5c 24 20
0x00000000652d9575:   48 8b 19 48 85 db 74 20 48 83 fb 37 74 1a 48 8b
0x00000000652d9585:   13 48 8b cb ff 52 10 84 c0 74 0d 48 8b c3 48 8b 


Register to memory mapping:

RAX=0x000000001718f601 is pointing into the stack for thread: 0x00000000166f1800
RBX=0x00000000166f1800 is a thread
RCX=0x00003b35355f656d is an unknown value
RDX=0x0000000000000000 is an unknown value
RSP=0x000000001718f680 is pointing into the stack for thread: 0x00000000166f1800
RBP=0x00003b35355f656d is an unknown value
RSI=0x000000001718f798 is pointing into the stack for thread: 0x00000000166f1800
RDI=0x0000000002638a40 is an unknown value
R8 =0x00000000166f1800 is a thread
R9 =0x0000013b00390001 is an unknown value
R10=0x0000000000000000 is an unknown value
R11=0x000000001718f950 is pointing into the stack for thread: 0x00000000166f1800
R12=0x0000000000000000 is an unknown value
R13=0x00000000166f7d68 is an unknown value
R14=0x0000000000000000 is an unknown value
R15=0x0000000000000000 is an unknown value


Stack: [0x0000000017090000,0x0000000017190000],  sp=0x000000001718f680,  free space=1021k
Native frames: (J=compiled Java code, j=interpreted, Vv=VM code, C=native code)
V  [jvm.dll+0x129575]
V  [jvm.dll+0x34c40d]
C  [jdwp.dll+0x21a15]
C  [jdwp.dll+0x53b3]
C  [jdwp.dll+0x5571]
C  [jdwp.dll+0xf0a8]
C  [jdwp.dll+0x1f2d5]
C  [jdwp.dll+0x1f4aa]
V  [jvm.dll+0x1bc3e8]
V  [jvm.dll+0x244314]
V  [jvm.dll+0x29b34a]
C  [msvcr100.dll+0x21d9f]
C  [msvcr100.dll+0x21e3b]
C  [kernel32.dll+0x1652d]
C  [ntdll.dll+0x2c521]


---------------  P R O C E S S  ---------------

Java Threads: ( => current thread )
  0x000000001678d000 JavaThread "Service Thread" daemon [_thread_blocked, id=85404, stack(0x0000000017c80000,0x0000000017d80000)]
  0x0000000016738800 JavaThread "C1 CompilerThread2" daemon [_thread_blocked, id=84832, stack(0x0000000017a30000,0x0000000017b30000)]
  0x0000000016715800 JavaThread "C2 CompilerThread1" daemon [_thread_blocked, id=85768, stack(0x00000000177f0000,0x00000000178f0000)]
  0x000000001670e800 JavaThread "C2 CompilerThread0" daemon [_thread_blocked, id=80336, stack(0x0000000017600000,0x0000000017700000)]
  0x0000000016701000 JavaThread "JDWP Command Reader" daemon [_thread_in_native, id=84972, stack(0x0000000017450000,0x0000000017550000)]
  0x00000000166ff800 JavaThread "JDWP Event Helper Thread" daemon [_thread_blocked, id=86772, stack(0x00000000172d0000,0x00000000173d0000)]
=>0x00000000166f1800 JavaThread "JDWP Transport Listener: dt_socket" daemon [_thread_in_vm, id=84192, stack(0x0000000017090000,0x0000000017190000)]
  0x00000000166d8800 JavaThread "Attach Listener" daemon [_thread_blocked, id=86308, stack(0x0000000016dd0000,0x0000000016ed0000)]
  0x000000001532f000 JavaThread "Signal Dispatcher" daemon [_thread_blocked, id=82988, stack(0x0000000016c40000,0x0000000016d40000)]
  0x000000001530b000 JavaThread "Finalizer" daemon [_thread_blocked, id=82736, stack(0x00000000165d0000,0x00000000166d0000)]
  0x00000000152c4000 JavaThread "Reference Handler" daemon [_thread_blocked, id=84516, stack(0x0000000016480000,0x0000000016580000)]
  0x0000000002488000 JavaThread "main" [_thread_blocked, id=83244, stack(0x0000000002960000,0x0000000002a60000)]

Other Threads:
  0x00000000152bc800 VMThread [stack: 0x0000000016250000,0x0000000016350000] [id=86676]
  0x0000000016808800 WatcherThread [stack: 0x0000000017b60000,0x0000000017c60000] [id=85392]

VM state:not at safepoint (normal execution)

VM Mutex/Monitor currently owned by a thread: None

Heap:
 PSYoungGen      total 18944K, used 1640K [0x00000000eab00000, 0x00000000ec000000, 0x0000000100000000)
  eden space 16384K, 10% used [0x00000000eab00000,0x00000000eac9a388,0x00000000ebb00000)
  from space 2560K, 0% used [0x00000000ebd80000,0x00000000ebd80000,0x00000000ec000000)
  to   space 2560K, 0% used [0x00000000ebb00000,0x00000000ebb00000,0x00000000ebd80000)
 ParOldGen       total 44032K, used 0K [0x00000000c0000000, 0x00000000c2b00000, 0x00000000eab00000)
  object space 44032K, 0% used [0x00000000c0000000,0x00000000c0000000,0x00000000c2b00000)
 Metaspace       used 2714K, capacity 4564K, committed 4864K, reserved 1056768K
  class space    used 290K, capacity 388K, committed 512K, reserved 1048576K

Card table byte_map: [0x0000000011e20000,0x0000000012030000] byte_map_base: 0x0000000011820000

Marking Bits: (ParMarkBitMap*) 0x00000000659c64f0
 Begin Bits: [0x0000000012730000, 0x0000000013730000)
 End Bits:   [0x0000000013730000, 0x0000000014730000)

Polling page: 0x0000000000320000

CodeCache: size=245760Kb used=1099Kb max_used=1099Kb free=244660Kb
 bounds [0x0000000002a60000, 0x0000000002cd0000, 0x0000000011a60000]
 total_blobs=252 nmethods=27 adapters=148
 compilation: enabled

Compilation events (10 events):
Event: 1.989 Thread 0x0000000016738800   23  s    3       java.lang.StringBuffer::append (13 bytes)
Event: 1.990 Thread 0x0000000016738800 nmethod 23 0x0000000002b6f1d0 code [0x0000000002b6f360, 0x0000000002b6f848]
Event: 1.990 Thread 0x0000000016738800   24       3       java.lang.String::indexOf (7 bytes)
Event: 1.990 Thread 0x0000000016738800 nmethod 24 0x0000000002b6ed90 code [0x0000000002b6ef00, 0x0000000002b6f128]
Event: 1.990 Thread 0x0000000016738800   25       3       java.lang.AbstractStringBuilder::append (50 bytes)
Event: 1.991 Thread 0x0000000016738800 nmethod 25 0x0000000002b6e510 code [0x0000000002b6e6a0, 0x0000000002b6eba8]
Event: 2.030 Thread 0x0000000016738800   26       3       java.util.Arrays::copyOfRange (63 bytes)
Event: 2.031 Thread 0x0000000016738800 nmethod 26 0x0000000002b71990 code [0x0000000002b71ba0, 0x0000000002b726f8]
Event: 95.037 Thread 0x0000000016738800   27       3       java.lang.System::getSecurityManager (4 bytes)
Event: 95.038 Thread 0x0000000016738800 nmethod 27 0x0000000002b72cd0 code [0x0000000002b72e20, 0x0000000002b72f50]

GC Heap History (0 events):
No events

Deoptimization events (0 events):
No events

Internal exceptions (2 events):
Event: 0.499 Thread 0x0000000002488000 Exception <a 'java/lang/NoSuchMethodError': Method sun.misc.Unsafe.defineClass(Ljava/lang/String;[BII)Ljava/lang/Class; name or signature does not match> (0x00000000eab07cc0) thrown at [D:\re\workspace\8-2-build-windows-amd64-cygwin\jdk8u92\6642\hotspot\srQòæ“èß?
Event: 0.499 Thread 0x0000000002488000 Exception <a 'java/lang/NoSuchMethodError': Method sun.misc.Unsafe.prefetchRead(Ljava/lang/Object;J)V name or signature does not match> (0x00000000eab07fa8) thrown at [D:\re\workspace\8-2-build-windows-amd64-cygwin\jdk8u92\6642\hotspot\src\share\vm\prims\j

Events (10 events):
Event: 128.118 Executing VM operation: ChangeBreakpoints
Event: 128.119 Executing VM operation: ChangeBreakpoints done
Event: 213.189 Executing VM operation: RedefineClasses
Event: 213.189 Executing VM operation: RedefineClasses done
Event: 213.200 Executing VM operation: ChangeBreakpoints
Event: 213.201 Executing VM operation: ChangeBreakpoints done
Event: 213.201 Executing VM operation: ChangeBreakpoints
Event: 213.201 Executing VM operation: ChangeBreakpoints done
Event: 261.234 Executing VM operation: RedefineClasses
Event: 261.234 Executing VM operation: RedefineClasses done


Dynamic libraries:
0x000000013f610000 - 0x000000013f647000 	C:\Program Files\Java\jdk1.8.0_92\bin\javaw.exe
0x0000000077190000 - 0x0000000077339000 	C:\Windows\SYSTEM32\ntdll.dll
0x0000000076f70000 - 0x000000007708f000 	C:\Windows\system32\kernel32.dll
0x000007fefd190000 - 0x000007fefd1fb000 	C:\Windows\system32\KERNELBASE.dll
0x000007fefd8a0000 - 0x000007fefd97b000 	C:\Windows\system32\ADVAPI32.dll
0x000007fefe150000 - 0x000007fefe1ef000 	C:\Windows\system32\msvcrt.dll
0x000007fefefe0000 - 0x000007fefefff000 	C:\Windows\SYSTEM32\sechost.dll
0x000007fefdea0000 - 0x000007fefdfcd000 	C:\Windows\system32\RPCRT4.dll
0x0000000077090000 - 0x000000007718a000 	C:\Windows\system32\USER32.dll
0x000007fefdb90000 - 0x000007fefdbf7000 	C:\Windows\system32\GDI32.dll
0x000007fefde90000 - 0x000007fefde9e000 	C:\Windows\system32\LPK.dll
0x000007fefdfd0000 - 0x000007fefe099000 	C:\Windows\system32\USP10.dll
0x000007fefbb30000 - 0x000007fefbd24000 	C:\Windows\WinSxS\amd64_microsoft.windows.common-controls_6595b64144ccf1df_6.0.7601.17514_none_fa396087175ac9ac\COMCTL32.dll
0x000007feff080000 - 0x000007feff0f1000 	C:\Windows\system32\SHLWAPI.dll
0x000007fefe0a0000 - 0x000007fefe0ce000 	C:\Windows\system32\IMM32.DLL
0x000007fefdc00000 - 0x000007fefdd09000 	C:\Windows\system32\MSCTF.dll
0x0000000050610000 - 0x00000000506e2000 	C:\Program Files\Java\jdk1.8.0_92\jre\bin\msvcr100.dll
0x00000000651b0000 - 0x0000000065a46000 	C:\Program Files\Java\jdk1.8.0_92\jre\bin\server\jvm.dll
0x000007fef58a0000 - 0x000007fef58a9000 	C:\Windows\system32\WSOCK32.dll
0x000007fefef90000 - 0x000007fefefdd000 	C:\Windows\system32\WS2_32.dll
0x000007fefef80000 - 0x000007fefef88000 	C:\Windows\system32\NSI.dll
0x000007fefaed0000 - 0x000007fefaf0b000 	C:\Windows\system32\WINMM.dll
0x000007fefc1f0000 - 0x000007fefc1fc000 	C:\Windows\system32\VERSION.dll
0x0000000077350000 - 0x0000000077357000 	C:\Windows\system32\PSAPI.DLL
0x0000000073dd0000 - 0x0000000073ddf000 	C:\Program Files\Java\jdk1.8.0_92\jre\bin\verify.dll
0x0000000073da0000 - 0x0000000073dc9000 	C:\Program Files\Java\jdk1.8.0_92\jre\bin\java.dll
0x00000000723d0000 - 0x0000000072405000 	C:\Program Files\Java\jdk1.8.0_92\jre\bin\jdwp.dll
0x0000000073d90000 - 0x0000000073d98000 	C:\Program Files\Java\jdk1.8.0_92\jre\bin\npt.dll
0x0000000073c50000 - 0x0000000073c66000 	C:\Program Files\Java\jdk1.8.0_92\jre\bin\zip.dll
0x000007fefe1f0000 - 0x000007fefef78000 	C:\Windows\system32\SHELL32.dll
0x000007fefd980000 - 0x000007fefdb83000 	C:\Windows\system32\ole32.dll
0x000007fefd0e0000 - 0x000007fefd0ef000 	C:\Windows\system32\profapi.dll
0x0000000073b80000 - 0x0000000073b89000 	C:\Program Files\Java\jdk1.8.0_92\jre\bin\dt_socket.dll
0x000007fefb120000 - 0x000007fefb135000 	C:\Windows\system32\NLAapi.dll
0x000007fef8400000 - 0x000007fef8415000 	C:\Windows\system32\napinsp.dll
0x000007fef83e0000 - 0x000007fef83f9000 	C:\Windows\system32\pnrpnsp.dll
0x000007fefc910000 - 0x000007fefc965000 	C:\Windows\System32\mswsock.dll
0x000007fefc790000 - 0x000007fefc7eb000 	C:\Windows\system32\DNSAPI.dll
0x000007fef83b0000 - 0x000007fef83bb000 	C:\Windows\System32\winrnr.dll
0x000007fefa990000 - 0x000007fefa9b7000 	C:\Windows\system32\IPHLPAPI.DLL
0x000007fefa970000 - 0x000007fefa97b000 	C:\Windows\system32\WINNSI.DLL
0x000007fefa630000 - 0x000007fefa683000 	C:\Windows\System32\fwpuclnt.dll
0x000007fef8910000 - 0x000007fef8918000 	C:\Windows\system32\rasadhlp.dll
0x000007fefc310000 - 0x000007fefc317000 	C:\Windows\System32\wshtcpip.dll
0x000007fef0d90000 - 0x000007fef0eb5000 	C:\Windows\system32\dbghelp.dll

VM Arguments:
jvm_args: -agentlib:jdwp=transport=dt_socket,suspend=y,address=localhost:53823 -Dfile.encoding=UTF-8 
java_command: ljt.bupt.leetcode.greedy.JumpGame_55
java_class_path (initial): C:\Users\holmes\gitApplication\leetcode\HelloBoy
Launcher Type: SUN_STANDARD

Environment Variables:
JAVA_HOME=C:\Program Files\Java\jdk1.8.0_92
CLASSPATH=.;C:\Program Files\Java\jdk1.8.0_92\lib\dt.jar;C:\Program Files\Java\jdk1.8.0_92\lib\tools.jar;
PATH=C:\Program Files\Java\jdk1.8.0_92\jre\bin;C:/Program Files/Java/jdk1.8.0_92/bin/../jre/bin/server;C:/Program Files/Java/jdk1.8.0_92/bin/../jre/bin;C:/Program Files/Java/jdk1.8.0_92/bin/../jre/lib/amd64;C:\Program Files\Java\jdk1.8.0_92\bin;C:\ProgramData\Oracle\Java\javapath;C:\Windows\system32;C:\Windows;C:\Windows\System32\Wbem;C:\Windows\System32\WindowsPowerShell\v1.0\;C:\Program Files (x86)\ATI Technologies\ATI.ACE\Core-Static;C:\Program Files (x86)\IDM Computer Solutions\UltraEdit;C:\Program Files (x86)\MySQL\MySQL Server 5.5\bin;C:\Program Files (x86)\Microsoft SQL Server\110\Tools\Binn\;C:\Program Files\Microsoft SQL Server\110\Tools\Binn\;C:\Program Files\Microsoft SQL Server\110\DTS\Binn\;C:\Program Files (x86)\Microsoft SQL Server\110\Tools\Binn\ManagementStudio\;C:\Program Files (x86)\Microsoft SQL Server\110\DTS\Binn\;C:\Holmes\apache-maven-3.3.9\bin;C:\Users\holmes\AppData\Local\Programs\Python\Python35-32\Scripts\;C:\Users\holmes\AppData\Local\Programs\Python\Python35-32\;C:\Holmes\Neweclipse\eclipse;
USERNAME=holmes
OS=Windows_NT
PROCESSOR_IDENTIFIER=AMD64 Family 16 Model 5 Stepping 3, AuthenticAMD



---------------  S Y S T E M  ---------------

OS: Windows 7 , 64 bit Build 7601 (6.1.7601.17514)

CPU:total 4 (4 cores per cpu, 1 threads per core) family 16 model 5 stepping 3, cmov, cx8, fxsr, mmx, sse, sse2, sse3, popcnt, mmxext, 3dnowpref, lzcnt, sse4a, tsc, tscinvbit, tscinv

Memory: 4k page, physical 4193464k(1054632k free), swap 8385084k(1865448k free)

vm_info: Java HotSpot(TM) 64-Bit Server VM (25.92-b14) for windows-amd64 JRE (1.8.0_92-b14), built on Mar 31 2016 21:03:04 by "java_re" with MS VC++ 10.0 (VS2010)

time: Thu Oct 13 09:47:26 2016
elapsed time: 261 seconds (0d 0h 4m 21s)

